  Stdafx.cpp
  AssemblyInfo.cpp
D:\Code\ManagedTOM\ManagedTOM\AssemblyInfo.cpp(40,46): warning C4947: 'System::Security::Permissions::SecurityAction::RequestMinimum': marked as obsolete
  D:\Code\ManagedTOM\ManagedTOM\AssemblyInfo.cpp(40,46):
  Message: 'Assembly level declarative security is obsolete and is no longer enforced by the CLR by default. See http://go.microsoft.com/fwlink/?LinkID=155570 for more information.'
  
  DataObject.cpp
  DocumentProperties.cpp
D:\Code\ManagedTOM\ManagedTOM\TextRange.h(259,48): warning C4838: conversion from 'UINT' to 'CLIPFORMAT' requires a narrowing conversion
  (compiling source file 'DocumentProperties.cpp')
  
  MathProperties.cpp
D:\Code\ManagedTOM\ManagedTOM\TextRange.h(259,48): warning C4838: conversion from 'UINT' to 'CLIPFORMAT' requires a narrowing conversion
  (compiling source file 'MathProperties.cpp')
  
  NamespaceDoc.cpp
  RichTextBoxEx.cpp
  TextDocument.cpp
D:\Code\ManagedTOM\ManagedTOM\TextRange.h(259,48): warning C4838: conversion from 'UINT' to 'CLIPFORMAT' requires a narrowing conversion
  (compiling source file 'TextDocument.cpp')
  
  TextExtensions.cpp
D:\Code\ManagedTOM\ManagedTOM\TextRange.h(259,48): warning C4838: conversion from 'UINT' to 'CLIPFORMAT' requires a narrowing conversion
  (compiling source file 'TextExtensions.cpp')
  
  .NETFramework,Version=v4.8.AssemblyAttributes.cpp
  Generating Code...
  AssemblyInfo.obj : MSIL module encountered; incremental linking is disabled for MSIL; performing full link
  ManagedTOM.vcxproj -> D:\Code\ManagedTOM\bin\Debug\x86\ManagedTOM2.dll
